  Main_Principal.cpp
C:\Users\Jony-Prime\Documents\GitHub\Proyecto_CGEIH_Equipo6\ProyectoFinal_Equipo6_Gpo01\ProyectoFinal_Equipo6_Gpo01\Main_Principal.cpp(371,24): warning C4244: 'inicializando': conversión de 'double' a 'GLfloat'; posible pérdida de datos
C:\Users\Jony-Prime\Documents\GitHub\Proyecto_CGEIH_Equipo6\ProyectoFinal_Equipo6_Gpo01\ProyectoFinal_Equipo6_Gpo01\Main_Principal.cpp(644,28): warning C4244: 'inicializando': conversión de 'double' a 'float'; posible pérdida de datos
C:\Users\Jony-Prime\Documents\GitHub\Proyecto_CGEIH_Equipo6\ProyectoFinal_Equipo6_Gpo01\ProyectoFinal_Equipo6_Gpo01\Main_Principal.cpp(715,26): warning C4244: '=': conversión de 'double' a 'float'; posible pérdida de datos
C:\Users\Jony-Prime\Documents\GitHub\Proyecto_CGEIH_Equipo6\ProyectoFinal_Equipo6_Gpo01\ProyectoFinal_Equipo6_Gpo01\Main_Principal.cpp(725,28): warning C4244: 'inicializando': conversión de 'double' a 'float'; posible pérdida de datos
C:\Users\Jony-Prime\Documents\GitHub\Proyecto_CGEIH_Equipo6\ProyectoFinal_Equipo6_Gpo01\ProyectoFinal_Equipo6_Gpo01\Main_Principal.cpp(1024,11): warning C4244: '=': conversión de 'double' a 'GLfloat'; posible pérdida de datos
C:\Users\Jony-Prime\Documents\GitHub\Proyecto_CGEIH_Equipo6\ProyectoFinal_Equipo6_Gpo01\ProyectoFinal_Equipo6_Gpo01\Main_Principal.cpp(1025,11): warning C4244: '=': conversión de 'double' a 'GLfloat'; posible pérdida de datos
C:\Users\Jony-Prime\Documents\GitHub\Proyecto_CGEIH_Equipo6\ProyectoFinal_Equipo6_Gpo01\ProyectoFinal_Equipo6_Gpo01\Main_Principal.cpp(1029,18): warning C4244: 'inicializando': conversión de 'double' a 'GLfloat'; posible pérdida de datos
C:\Users\Jony-Prime\Documents\GitHub\Proyecto_CGEIH_Equipo6\ProyectoFinal_Equipo6_Gpo01\ProyectoFinal_Equipo6_Gpo01\Main_Principal.cpp(1030,18): warning C4244: 'inicializando': conversión de 'double' a 'GLfloat'; posible pérdida de datos
C:\Users\Jony-Prime\Documents\GitHub\Proyecto_CGEIH_Equipo6\ProyectoFinal_Equipo6_Gpo01\ProyectoFinal_Equipo6_Gpo01\Main_Principal.cpp(1032,10): warning C4244: '=': conversión de 'double' a 'GLfloat'; posible pérdida de datos
C:\Users\Jony-Prime\Documents\GitHub\Proyecto_CGEIH_Equipo6\ProyectoFinal_Equipo6_Gpo01\ProyectoFinal_Equipo6_Gpo01\Main_Principal.cpp(1033,10): warning C4244: '=': conversión de 'double' a 'GLfloat'; posible pérdida de datos
soil2-debug.lib(SOIL2.obj) : warning LNK4075: se omite '/EDITANDCONTINUE' debido a la especificación '/OPT:ICF'
LINK : warning LNK4098: la biblioteca predeterminada'MSVCRTD' entra en conflicto con otras bibliotecas; use la biblioteca /NODEFAULTLIB:biblioteca
  Generando código
  Previous IPDB not found, fall back to full compilation.
  All 686 functions were compiled because no usable IPDB/IOBJ from previous compilation was found.
  Generación de código finalizada
soil2-debug.lib(etc1_utils.obj) : warning LNK4099: no se encontró PDB '' con 'soil2-debug.lib(etc1_utils.obj)' o en ''; se vinculará el objeto sin tener en cuenta información de depuración
soil2-debug.lib(image_DXT.obj) : warning LNK4099: no se encontró PDB '' con 'soil2-debug.lib(image_DXT.obj)' o en ''; se vinculará el objeto sin tener en cuenta información de depuración
soil2-debug.lib(image_helper.obj) : warning LNK4099: no se encontró PDB '' con 'soil2-debug.lib(image_helper.obj)' o en ''; se vinculará el objeto sin tener en cuenta información de depuración
soil2-debug.lib(SOIL2.obj) : warning LNK4099: no se encontró PDB '' con 'soil2-debug.lib(SOIL2.obj)' o en ''; se vinculará el objeto sin tener en cuenta información de depuración
  ProyectoFinal_Equipo6_Gpo01.vcxproj -> C:\Users\Jony-Prime\Documents\GitHub\Proyecto_CGEIH_Equipo6\ProyectoFinal_Equipo6_Gpo01\Release\ProyectoFinal_Equipo6_Gpo01.exe
